[2015-11-08 21:23:31] START
[2015-11-09 00:05:09] EDIT recipe/models/db.py: 47
[2015-11-09 00:05:15] EDIT recipe/models/db.py: 0
[2015-11-09 00:05:20] EDIT recipe/models/db.py: 0
[2015-11-09 00:05:36] EDIT recipe/models/db.py: 0
[2015-11-09 00:16:28] EDIT recipe/models/db.py: 0
[2015-11-09 00:18:22] EDIT recipe/models/db.py: 0
[2015-11-09 00:18:52] EDIT recipe/models/db.py: 0
[2015-11-09 00:19:22] EDIT recipe/models/db.py: -7
[2015-11-09 00:44:38] EDIT recipe/controllers/default.py: 1
[2015-11-09 00:45:20] EDIT recipe/views/default/index.html: -45
[2015-11-09 00:50:20] EDIT recipe/controllers/default.py: 0
[2015-11-09 00:51:25] EDIT recipe/controllers/default.py: 1
[2015-11-09 00:52:12] EDIT recipe/controllers/default.py: 0
[2015-11-09 00:54:45] EDIT recipe/controllers/default.py: -2
[2015-11-09 00:58:20] EDIT recipe/controllers/default.py: 0
[2015-11-09 01:01:57] EDIT recipe/models/db.py: 7
[2015-11-09 01:02:09] EDIT recipe/models/db.py: 0
[2015-11-09 01:04:04] EDIT recipe/models/db.py: 0
[2015-11-09 01:04:24] EDIT recipe/models/db.py: 0
[2015-11-09 01:05:21] EDIT recipe/models/db.py: -1
[2015-11-09 01:10:37] EDIT recipe/models/db.py: 0
[2015-11-09 01:11:47] EDIT recipe/models/db.py: 0
[2015-11-09 01:15:54] EDIT recipe/models/db.py: 1
[2015-11-09 01:17:06] EDIT recipe/models/db.py: 0
[2015-11-09 01:18:54] EDIT recipe/models/db.py: 0
[2015-11-09 01:19:01] EDIT recipe/models/db.py: 0
[2015-11-09 01:21:51] EDIT recipe/models/db.py: 0
[2015-11-09 01:24:04] EDIT recipe/models/db.py: -25
[2015-11-09 01:25:05] EDIT recipe/models/db.py: -1
[2015-11-09 01:25:28] EDIT recipe/models/db.py: 1
[2015-11-09 01:25:52] EDIT recipe/models/db.py: 0
[2015-11-09 01:26:42] EDIT recipe/models/db.py: 0
[2015-11-09 01:30:12] EDIT recipe/models/db.py: 0
[2015-11-09 01:30:36] EDIT recipe/models/db.py: 0
[2015-11-09 01:31:26] EDIT recipe/models/db.py: 0
[2015-11-09 01:31:52] EDIT recipe/models/db.py: 0
[2015-11-09 01:33:25] EDIT recipe/models/db.py: 0
[2015-11-09 01:34:11] EDIT recipe/models/db.py: 0
[2015-11-09 01:34:34] EDIT recipe/models/db.py: 0
[2015-11-09 01:35:15] EDIT recipe/models/db.py: 0
[2015-11-09 01:37:35] EDIT recipe/controllers/default.py: 0
[2015-11-09 01:38:42] EDIT recipe/controllers/default.py: 0
[2015-11-09 01:43:57] EDIT recipe/controllers/default.py: 0
[2015-11-09 01:44:01] EDIT recipe/controllers/default.py: 0
[2015-11-09 01:44:05] EDIT recipe/controllers/default.py: 0
[2015-11-09 01:44:10] EDIT recipe/controllers/default.py: 0
[2015-11-09 01:44:57] EDIT recipe/controllers/default.py: 0
[2015-11-09 01:45:18] EDIT recipe/controllers/default.py: 0
[2015-11-09 01:46:49] EDIT recipe/controllers/default.py: 0
[2015-11-09 01:49:08] EDIT recipe/controllers/default.py: 0
[2015-11-09 01:49:32] EDIT recipe/controllers/default.py: 0
[2015-11-09 01:50:04] EDIT recipe/controllers/default.py: 0
[2015-11-09 17:42:52] EDIT recipe/controllers/default.py: 6
[2015-11-09 17:43:12] CREATE default/show.html: 0
[2015-11-09 17:45:36] EDIT recipe/views/default/show.html: 6
[2015-11-09 17:45:48] EDIT recipe/views/default/show.html: -3
[2015-11-09 17:57:35] EDIT recipe/views/default/index.html: 10
[2015-11-09 17:57:47] EDIT recipe/views/default/index.html: 0
[2015-11-09 17:58:54] EDIT recipe/controllers/default.py: 0
[2015-11-09 17:59:03] EDIT recipe/views/default/index.html: 0
[2015-11-09 17:59:16] EDIT recipe/views/default/index.html: 0
[2015-11-09 17:59:29] EDIT recipe/controllers/default.py: 0
[2015-11-09 18:00:09] EDIT recipe/controllers/default.py: 0
[2015-11-09 18:01:16] EDIT recipe/views/default/index.html: 0
[2015-11-09 18:01:29] EDIT recipe/controllers/default.py: 0
[2015-11-09 18:01:43] EDIT recipe/controllers/default.py: 0
[2015-11-09 18:01:48] EDIT recipe/views/default/index.html: 0
[2015-11-10 19:21:17] EDIT recipe/controllers/default.py: 1
[2015-11-10 19:21:35] EDIT recipe/controllers/default.py: 0
[2015-11-10 19:24:35] EDIT recipe/controllers/default.py: 1
[2015-11-10 19:26:19] EDIT recipe/controllers/default.py: 0
[2015-11-10 19:26:34] EDIT recipe/controllers/default.py: 0
[2015-11-10 19:29:12] EDIT recipe/controllers/default.py: 0
[2015-11-10 19:32:47] EDIT recipe/controllers/default.py: 0
[2015-11-10 19:46:05] EDIT recipe/controllers/default.py: 13
[2015-11-10 19:55:27] EDIT recipe/controllers/default.py: 3
[2015-11-10 19:55:39] EDIT recipe/controllers/default.py: -2
[2015-11-10 20:02:11] EDIT recipe/models/db.py: 18
[2015-11-10 20:02:17] EDIT recipe/models/db.py: 0
[2015-11-10 20:06:25] EDIT recipe/controllers/default.py: -16
[2015-11-10 20:10:11] EDIT recipe/controllers/default.py: 0
[2015-11-10 20:16:55] EDIT recipe/controllers/default.py: 2
[2015-11-15 16:36:06] EDIT recipe/controllers/default.py: 0
[2015-11-15 16:37:12] EDIT recipe/views/default/index.html: 0
[2015-11-15 16:40:14] EDIT recipe/controllers/default.py: 7
[2015-11-15 16:40:26] EDIT recipe/controllers/default.py: 0
[2015-11-15 16:40:29] EDIT recipe/controllers/default.py: -1
[2015-11-15 16:41:46] EDIT recipe/controllers/default.py: 0
[2015-11-15 16:41:53] EDIT recipe/controllers/default.py: 0
[2015-11-15 16:41:54] EDIT recipe/controllers/default.py: 0
[2015-11-15 16:42:31] EDIT recipe/controllers/default.py: -1
[2015-11-15 16:42:42] EDIT recipe/controllers/default.py: 1
[2015-11-15 16:43:15] EDIT recipe/controllers/default.py: 0
[2015-11-15 16:43:29] EDIT recipe/controllers/default.py: 0
[2015-11-15 16:43:52] EDIT recipe/views/default/index.html: 1
[2015-11-15 16:45:30] EDIT recipe/views/default/index.html: 0
[2015-11-15 16:46:41] EDIT recipe/controllers/default.py: 0
[2015-11-15 16:46:49] EDIT recipe/views/default/index.html: 0
[2015-11-15 16:48:22] EDIT recipe/controllers/default.py: 1
[2015-11-15 16:56:01] EDIT recipe/controllers/default.py: 1
[2015-11-15 16:56:50] EDIT recipe/controllers/default.py: -1
[2015-11-15 16:57:17] EDIT recipe/controllers/default.py: 0
[2015-11-15 16:57:40] EDIT recipe/controllers/default.py: 0
[2015-11-15 16:58:39] EDIT recipe/controllers/default.py: 0
[2015-11-15 16:58:51] EDIT recipe/controllers/default.py: 0
[2015-11-15 17:07:13] EDIT recipe/controllers/default.py: 0
[2015-11-15 17:07:21] EDIT recipe/controllers/default.py: 0
[2015-11-15 17:07:41] EDIT recipe/controllers/default.py: 1
[2015-11-15 17:08:07] EDIT recipe/controllers/default.py: 0
[2015-11-15 17:09:49] EDIT recipe/controllers/default.py: 0
[2015-11-15 17:10:44] EDIT recipe/controllers/default.py: 0
[2015-11-15 17:11:56] EDIT recipe/controllers/default.py: 1
[2015-11-15 17:12:41] EDIT recipe/controllers/default.py: 0
[2015-11-15 17:13:05] EDIT recipe/controllers/default.py: 0
[2015-11-15 17:13:10] EDIT recipe/controllers/default.py: 0
[2015-11-15 17:13:51] EDIT recipe/controllers/default.py: 0
[2015-11-15 17:17:04] EDIT recipe/controllers/default.py: -2
[2015-11-15 17:20:11] EDIT recipe/controllers/default.py: 1
[2015-11-15 17:22:34] EDIT recipe/controllers/default.py: -1
[2015-11-15 17:22:50] EDIT recipe/controllers/default.py: 0
[2015-11-15 17:24:21] EDIT recipe/controllers/default.py: 7
[2015-11-15 17:24:51] EDIT recipe/controllers/default.py: 1
[2015-11-15 17:26:27] EDIT recipe/controllers/default.py: 0
[2015-11-15 17:26:39] EDIT recipe/views/default/index.html: 1
[2015-11-15 17:29:32] EDIT recipe/controllers/default.py: 0
[2015-11-15 17:34:52] EDIT recipe/controllers/default.py: 0
[2015-11-15 17:36:22] EDIT recipe/controllers/default.py: 1
[2015-11-15 20:39:18] EDIT recipe/controllers/default.py: 0
[2015-11-15 20:41:58] EDIT recipe/controllers/default.py: 0
[2015-11-15 20:42:23] EDIT recipe/views/default/index.html: 1
[2015-11-15 20:44:45] EDIT recipe/models/db.py: 4
[2015-11-15 20:45:06] EDIT recipe/controllers/default.py: 10
[2015-11-15 20:46:04] EDIT recipe/views/default/show.html: 11
[2015-11-15 20:46:32] EDIT recipe/views/default/show.html: -11
[2015-11-15 20:47:24] EDIT recipe/models/db.py: 0
[2015-11-15 20:47:51] EDIT recipe/views/default/show.html: 11
[2015-11-15 20:48:44] EDIT recipe/controllers/default.py: 0
[2015-11-15 20:50:28] EDIT recipe/controllers/default.py: 0
[2015-11-15 20:50:51] EDIT recipe/views/default/show.html: 0
[2015-11-15 20:51:44] EDIT recipe/controllers/default.py: 0
[2015-11-15 20:52:20] EDIT recipe/controllers/default.py: 0
[2015-11-15 20:52:53] EDIT recipe/models/db.py: 0
[2015-11-15 20:54:02] EDIT recipe/models/db.py: 0
[2015-11-15 20:54:09] EDIT recipe/models/db.py: 0
[2015-11-15 20:54:20] EDIT recipe/controllers/default.py: 0
[2015-11-15 20:54:39] EDIT recipe/views/default/show.html: 0
[2015-11-15 21:06:52] EDIT recipe/views/default/show.html: -10
[2015-11-15 21:18:22] EDIT recipe/views/default/show.html: -1
[2015-11-15 21:18:35] EDIT recipe/views/default/show.html: 0
[2015-11-15 21:18:41] EDIT recipe/models/db.py: 0
[2015-11-15 21:20:42] EDIT recipe/views/default/show.html: 15
[2015-11-15 21:20:49] EDIT recipe/views/default/show.html: 1
[2015-11-15 21:21:09] EDIT recipe/views/default/show.html: -16
[2015-11-15 21:25:57] EDIT recipe/views/default/index.html: 0
[2015-11-15 21:26:29] EDIT recipe/controllers/default.py: 1
[2015-11-15 21:26:51] CREATE default/list_items.html: 0
[2015-11-15 21:27:03] EDIT recipe/views/default/list_items.html: 9
[2015-11-15 21:28:23] EDIT recipe/views/default/list_items.html: 0
[2015-11-15 21:30:29] EDIT recipe/controllers/default.py: 0
[2015-11-15 21:31:00] EDIT recipe/controllers/default.py: 0
[2015-11-15 21:31:39] EDIT recipe/controllers/default.py: 0
[2015-11-15 21:32:09] EDIT recipe/controllers/default.py: 0
[2015-11-15 21:33:10] EDIT recipe/controllers/default.py: 0
[2015-11-15 21:36:55] EDIT recipe/controllers/default.py: -4
[2015-11-15 21:37:21] EDIT recipe/views/default/show.html: 1
[2015-11-15 21:38:54] EDIT recipe/controllers/default.py: -7
[2015-11-15 21:39:28] EDIT recipe/controllers/default.py: 0
[2015-11-15 21:39:44] EDIT recipe/views/default/show.html: -1
[2015-11-15 21:40:41] EDIT recipe/models/db.py: -4
[2015-11-15 21:44:22] EDIT recipe/models/db.py: -9
[2015-11-15 21:45:28] EDIT recipe/controllers/default.py: 4
[2015-11-15 21:46:02] EDIT recipe/controllers/default.py: 0
[2015-11-15 21:46:30] EDIT recipe/views/default/show.html: 9
[2015-11-15 21:46:47] EDIT recipe/controllers/default.py: 0
[2015-11-15 21:46:50] EDIT recipe/views/default/index.html: 0
[2015-11-15 21:46:52] EDIT recipe/views/default/show.html: 0
[2015-11-15 21:48:21] EDIT recipe/models/db.py: 0
[2015-11-15 21:48:59] EDIT recipe/controllers/default.py: 0
[2015-11-15 21:50:25] EDIT recipe/controllers/default.py: 0
[2015-11-15 21:51:02] EDIT recipe/views/default/show.html: 0
[2015-11-15 21:51:12] EDIT recipe/views/default/show.html: 0
[2015-11-15 21:59:01] EDIT recipe/views/default/show.html: 2
[2015-11-15 21:59:29] EDIT recipe/views/default/show.html: 0
[2015-11-15 22:00:48] EDIT recipe/views/default/show.html: 0
[2015-11-15 22:01:09] EDIT recipe/views/default/show.html: 0
[2015-11-15 22:01:54] EDIT recipe/views/default/show.html: 0
[2015-11-15 22:02:39] EDIT recipe/views/default/show.html: 0
[2015-11-15 22:03:21] EDIT recipe/views/default/show.html: 0
[2015-11-15 22:21:23] EDIT recipe/views/plugin_layouts/layouts/BackgroundBlue.html: -3
[2015-11-15 22:21:53] EDIT recipe/views/plugin_layouts/layouts/BackgroundBlue.html: -2
[2015-11-15 22:22:01] EDIT recipe/views/plugin_layouts/layouts/BackgroundBlue.html: 0
[2015-11-15 22:22:17] EDIT recipe/views/plugin_layouts/layouts/BackgroundBlue.html: 0
[2015-11-15 22:23:16] EDIT recipe/views/plugin_layouts/layouts/BackgroundBlue.html: 2
[2015-11-15 22:23:32] EDIT recipe/views/plugin_layouts/layouts/BackgroundBlue.html: 0
[2015-11-15 22:23:56] EDIT recipe/views/plugin_layouts/layouts/BackgroundBlue.html: 0
[2015-11-15 22:24:08] EDIT recipe/views/plugin_layouts/layouts/BackgroundBlue.html: 0
[2015-11-15 22:25:09] EDIT recipe/views/layout.html: -3
[2015-11-15 22:25:30] EDIT recipe/views/layout.html: -5
[2015-11-15 22:26:03] EDIT recipe/views/layout.html: 0
[2015-11-15 22:26:53] EDIT recipe/views/layout.html: 0
[2015-11-15 22:35:10] EDIT recipe/controllers/default.py: 0
[2015-11-16 00:52:12] EDIT recipe/views/layout.html: 7
[2015-11-16 00:52:19] EDIT recipe/views/layout.html: 0
[2015-11-16 00:59:22] EDIT recipe/models/db.py: 10
[2015-11-16 00:59:26] EDIT recipe/models/db.py: 0
[2015-11-16 00:59:33] EDIT recipe/models/db.py: 0
[2015-11-16 01:00:30] CREATE default/suggest.html: 0
[2015-11-16 01:01:15] EDIT recipe/controllers/default.py: 2
[2015-11-16 01:01:48] EDIT recipe/controllers/default.py: 1
[2015-11-16 01:01:55] EDIT recipe/controllers/default.py: 0
[2015-11-16 01:02:10] EDIT recipe/views/default/suggest.html: -1
[2015-11-16 01:02:41] EDIT recipe/models/db.py: 0
[2015-11-16 01:03:51] EDIT recipe/views/layout.html: 0
[2015-11-16 01:04:05] EDIT recipe/views/layout.html: 0
[2015-11-16 01:04:40] EDIT recipe/views/layout.html: 0
[2015-11-16 01:04:59] EDIT recipe/models/db.py: 0
[2015-11-16 01:05:14] EDIT recipe/models/db.py: 0
[2015-11-16 01:06:49] EDIT recipe/views/default/suggest.html: 6
[2015-11-16 01:07:49] EDIT recipe/views/default/suggest.html: 0
[2015-11-16 01:15:46] EDIT recipe/views/layout.html: 11
[2015-11-16 01:17:06] EDIT recipe/views/layout.html: 0
[2015-11-16 01:19:12] EDIT recipe/views/default/suggest.html: 7
[2015-11-16 01:19:18] EDIT recipe/views/default/suggest.html: 0
[2015-11-16 01:19:50] EDIT recipe/views/default/suggest.html: -4
[2015-11-16 01:20:44] EDIT recipe/views/default/suggest.html: -3
[2015-11-16 01:22:21] EDIT recipe/views/layout.html: -5
[2015-11-16 01:23:24] EDIT recipe/controllers/default.py: 14
[2015-11-16 01:23:34] EDIT recipe/controllers/default.py: 0
[2015-11-16 01:23:40] EDIT recipe/controllers/default.py: 0
[2015-11-16 01:23:57] EDIT recipe/controllers/default.py: 0
[2015-11-16 01:23:59] EDIT recipe/controllers/default.py: 0
[2015-11-16 01:24:20] EDIT recipe/controllers/default.py: 0
[2015-11-16 01:24:28] EDIT recipe/controllers/default.py: 0
[2015-11-16 01:24:44] EDIT recipe/controllers/default.py: -1
[2015-11-16 01:24:52] EDIT recipe/controllers/default.py: 0
[2015-11-16 01:24:57] EDIT recipe/controllers/default.py: 0
[2015-11-16 01:26:25] EDIT recipe/controllers/default.py: 1
[2015-11-16 01:26:35] EDIT recipe/controllers/default.py: 0
[2015-11-16 01:26:40] EDIT recipe/controllers/default.py: 0
[2015-11-16 01:26:56] EDIT recipe/controllers/default.py: 0
[2015-11-16 01:27:01] EDIT recipe/controllers/default.py: 0
[2015-11-16 01:27:49] EDIT recipe/controllers/default.py: 0
[2015-11-16 01:34:17] EDIT recipe/controllers/default.py: 14
[2015-11-16 01:34:53] EDIT recipe/controllers/default.py: 0
[2015-11-16 01:34:59] EDIT recipe/controllers/default.py: 0
[2015-11-16 01:35:46] EDIT recipe/views/default/suggest.html: 9
[2015-11-16 01:37:12] EDIT recipe/views/default/suggest.html: 0
[2015-11-16 01:38:23] EDIT recipe/controllers/default.py: 0
[2015-11-16 01:38:58] EDIT recipe/views/default/suggest.html: 0
[2015-11-16 01:39:00] EDIT recipe/controllers/default.py: 0
[2015-11-16 01:42:33] EDIT recipe/views/default/suggest.html: -3
[2015-11-16 01:43:24] EDIT recipe/views/default/suggest.html: -6
[2015-11-16 01:43:54] EDIT recipe/views/layout.html: 5
[2015-11-16 01:44:56] EDIT recipe/views/layout.html: 0
[2015-11-16 01:46:20] EDIT recipe/views/default/index.html: 0
[2015-11-16 01:46:28] EDIT recipe/views/default/index.html: 0
[2015-11-16 01:46:57] EDIT recipe/controllers/default.py: -14
[2015-11-16 01:56:50] EDIT recipe/controllers/default.py: 1
[2015-11-16 01:57:26] EDIT recipe/views/default/suggest.html: 0
[2015-11-16 02:03:24] EDIT recipe/controllers/default.py: 2
[2015-11-16 02:04:31] EDIT recipe/views/default/suggest.html: 0
[2015-11-16 02:06:07] EDIT recipe/views/default/index.html: -1
[2015-11-23 00:16:51] EDIT recipe/views/default/index.html: 5
[2015-11-23 00:21:30] EDIT recipe/views/default/index.html: 1
[2015-11-23 00:40:17] EDIT recipe/models/db.py: -6
[2015-11-23 00:46:54] EDIT recipe/models/db.py: 0
[2015-11-23 00:59:42] EDIT recipe/controllers/default.py: 58
[2015-11-23 01:01:05] EDIT recipe/controllers/default.py: 0
[2015-11-23 01:02:25] EDIT recipe/views/default/index.html: 0
[2015-11-23 01:02:44] EDIT recipe/controllers/default.py: 0
[2015-11-23 01:03:16] EDIT recipe/controllers/default.py: 0
[2015-11-23 01:03:49] EDIT recipe/controllers/default.py: 0
[2015-11-23 01:11:05] EDIT recipe/controllers/default.py: -13
[2015-11-23 01:11:49] EDIT recipe/views/default/index.html: 6
[2015-11-23 01:12:54] EDIT recipe/controllers/default.py: 0
[2015-11-23 01:14:02] EDIT recipe/views/default/index.html: 0
[2015-11-23 01:14:07] EDIT recipe/controllers/default.py: 0
[2015-11-23 05:42:14] EDIT recipe/views/default/show.html: 3
[2015-11-23 05:47:14] EDIT recipe/views/default/show.html: 45
[2015-11-23 05:47:53] EDIT recipe/views/default/show.html: -1
[2015-11-23 05:48:05] EDIT recipe/views/default/show.html: 0
[2015-11-23 05:49:34] EDIT recipe/views/default/show.html: 2
[2015-11-23 06:07:24] EDIT recipe/controllers/default.py: 0
[2015-11-23 06:08:04] EDIT recipe/controllers/default.py: 0
[2015-11-23 06:11:24] EDIT recipe/controllers/default.py: 0
[2015-11-23 06:22:39] EDIT recipe/controllers/default.py: -1
[2015-11-23 06:25:46] EDIT recipe/models/db.py: -1
[2015-11-23 06:25:48] EDIT recipe/controllers/default.py: -1
[2015-11-23 06:25:54] EDIT recipe/views/default/index.html: 0
[2015-11-23 06:25:57] EDIT recipe/views/default/show.html: 0
[2015-11-24 03:34:35] DELETE carPoolNEW/views/default/list_items.html: -12
[2015-11-24 03:34:42] DELETE carPoolNEW/views/default/suggest.html: -8
[2015-11-24 03:35:05] EDIT carPoolNEW/models/db.py: 12
[2015-11-24 03:35:26] EDIT carPoolNEW/controllers/default.py: 9
[2015-11-24 03:35:53] CREATE default/create.html: 0
[2015-11-24 03:36:00] CREATE default/edit.html: 0
[2015-11-24 03:36:07] CREATE default/userPage.html: 0
[2015-11-24 03:36:15] CREATE default/report.html: 0
[2015-11-24 03:36:34] EDIT carPoolNEW/views/default/create.html: 0
[2015-11-24 03:36:55] EDIT carPoolNEW/views/default/edit.html: 1
[2015-11-24 03:37:17] EDIT carPoolNEW/views/default/index.html: 14
[2015-11-24 03:37:49] EDIT carPoolNEW/views/default/report.html: 5
[2015-11-24 03:38:08] EDIT carPoolNEW/views/default/show.html: -2
[2015-11-24 03:38:29] EDIT carPoolNEW/views/default/userPage.html: 18
[2015-11-24 03:39:54] EDIT carPoolNEW/controllers/default.py: -9
[2015-11-24 03:40:57] EDIT carPoolNEW/views/layout.html: 0
[2015-11-24 03:41:10] EDIT carPoolNEW/views/layout.html: 0
[2015-11-24 03:41:45] EDIT carPoolNEW/views/layout.html: 0
[2015-11-24 03:42:46] EDIT carPoolNEW/views/layout.html: 0
[2015-11-24 03:47:17] EDIT carPoolNEW/views/default/index.html: 0
[2015-11-24 03:48:19] EDIT carPoolNEW/views/default/index.html: 0
[2015-11-24 03:51:06] EDIT carPoolNEW/views/default/userPage.html: 0
[2015-11-24 03:52:25] EDIT carPoolNEW/controllers/default.py: 0
[2015-11-24 03:53:02] EDIT carPoolNEW/controllers/default.py: 1
[2015-11-24 03:53:09] EDIT carPoolNEW/views/default/userPage.html: 0
[2015-11-24 03:53:35] EDIT carPoolNEW/views/default/userPage.html: 0
[2015-11-24 03:54:03] EDIT carPoolNEW/views/default/userPage.html: 0
[2015-11-24 03:54:28] EDIT carPoolNEW/views/default/userPage.html: 0
[2015-11-24 03:55:18] EDIT carPoolNEW/views/default/userPage.html: 0
[2015-11-24 03:57:00] EDIT carPoolNEW/controllers/default.py: 1
[2015-11-24 03:57:09] EDIT carPoolNEW/views/default/userPage.html: 0
[2015-11-24 03:58:18] EDIT carPoolNEW/views/default/userPage.html: 0
[2015-11-24 03:58:34] EDIT carPoolNEW/controllers/default.py: 0
[2015-11-24 03:58:58] EDIT carPoolNEW/controllers/default.py: 0
[2015-11-24 03:59:21] EDIT carPoolNEW/controllers/default.py: 0
[2015-11-24 04:00:41] EDIT carPoolNEW/views/default/userPage.html: 0
[2015-11-24 04:00:51] EDIT carPoolNEW/views/default/userPage.html: 0
[2015-11-24 04:01:12] EDIT carPoolNEW/views/default/userPage.html: 0
[2015-11-24 04:02:03] EDIT carPoolNEW/controllers/default.py: 0
[2015-11-24 04:02:25] EDIT carPoolNEW/views/default/userPage.html: 0
[2015-11-24 04:03:12] EDIT carPoolNEW/views/default/userPage.html: 0
[2015-11-24 04:03:27] EDIT carPoolNEW/views/default/userPage.html: 0
[2015-11-24 04:05:20] EDIT carPoolNEW/views/default/index.html: 1
[2015-11-24 04:05:42] EDIT carPoolNEW/views/default/userPage.html: 0
[2015-11-24 04:06:20] EDIT carPoolNEW/views/default/index.html: -1
[2015-11-24 04:08:34] EDIT carPoolNEW/controllers/default.py: 0
[2015-11-24 04:09:29] EDIT carPoolNEW/controllers/default.py: -1
[2015-11-24 04:09:58] EDIT carPoolNEW/controllers/default.py: 0
[2015-11-24 04:10:26] EDIT carPoolNEW/controllers/default.py: 0
[2015-11-24 04:10:50] EDIT carPoolNEW/controllers/default.py: 0
[2015-11-24 04:11:32] EDIT carPoolNEW/controllers/default.py: 0
[2015-11-24 04:12:01] EDIT carPoolNEW/controllers/default.py: 0
[2015-11-24 04:13:37] EDIT carPoolNEW/controllers/default.py: -1
[2015-11-24 04:15:06] EDIT carPoolNEW/controllers/default.py: 0
[2015-11-24 04:17:42] EDIT carPoolNEW/controllers/default.py: 2
[2015-11-24 04:17:47] EDIT carPoolNEW/controllers/default.py: 0
[2015-11-24 04:18:39] EDIT carPoolNEW/views/default/index.html: 0
[2015-11-24 04:20:40] CREATE default/manage.html: 0
[2015-11-24 04:20:48] EDIT carPoolNEW/views/default/manage.html: 0
[2015-11-24 04:21:07] EDIT carPoolNEW/views/default/manage.html: 2
[2015-11-24 04:22:13] EDIT carPoolNEW/views/default/manage.html: 0
[2015-11-24 04:23:37] EDIT carPoolNEW/views/default/index.html: -1
[2015-11-24 04:26:13] EDIT carPoolNEW/views/default/show.html: 1
[2015-11-24 04:26:29] EDIT carPoolNEW/views/default/show.html: 0
[2015-11-24 04:33:58] EDIT carPoolNEW/controllers/default.py: 0
[2015-11-24 04:35:07] EDIT carPoolNEW/controllers/default.py: 0
[2015-11-24 04:35:34] EDIT carPoolNEW/controllers/default.py: 0
[2015-11-24 04:36:02] EDIT carPoolNEW/controllers/default.py: 0
[2015-11-24 04:36:25] EDIT carPoolNEW/controllers/default.py: 0
[2015-11-24 04:36:48] EDIT carPoolNEW/controllers/default.py: 0
[2015-11-24 04:39:43] EDIT carPoolNEW/controllers/default.py: 0
[2015-11-24 04:40:39] EDIT carPoolNEW/controllers/default.py: 0
[2015-11-24 04:41:17] EDIT carPoolNEW/controllers/default.py: 1
[2015-11-24 04:41:27] EDIT carPoolNEW/controllers/default.py: 0
[2015-11-24 04:41:49] EDIT carPoolNEW/controllers/default.py: -1
[2015-11-24 04:44:38] EDIT carPoolNEW/models/db.py: 1
[2015-11-24 04:45:18] EDIT carPoolNEW/models/db.py: 0
[2015-11-24 04:45:39] EDIT carPoolNEW/controllers/default.py: 0
[2015-11-24 04:46:15] EDIT carPoolNEW/controllers/default.py: 0
[2015-11-24 04:46:41] EDIT carPoolNEW/controllers/default.py: 0
[2015-11-24 04:47:46] EDIT carPoolNEW/controllers/default.py: 0
[2015-11-24 04:48:03] EDIT carPoolNEW/controllers/default.py: 0
[2015-11-24 04:58:03] EDIT carPoolNEW/controllers/default.py: 0
[2015-11-24 05:00:25] EDIT carPoolNEW/models/db.py: -5
[2015-11-24 05:03:14] EDIT carPoolNEW/models/db.py: 1
[2015-11-24 05:03:34] EDIT carPoolNEW/models/db.py: 0
[2015-11-24 05:03:54] EDIT carPoolNEW/models/db.py: -1
[2015-11-24 05:04:35] EDIT carPoolNEW/controllers/default.py: -1
[2015-11-24 05:10:03] EDIT carPoolNEW/models/db.py: 0
[2015-11-24 05:11:19] EDIT carPoolNEW/controllers/default.py: 1
[2015-11-24 05:19:42] EDIT carPoolNEW/controllers/default.py: 0
[2015-11-24 05:20:53] EDIT carPoolNEW/views/default/show.html: 0
[2015-11-24 05:24:51] EDIT carPoolNEW/controllers/default.py: 1
[2015-11-24 05:25:17] EDIT carPoolNEW/controllers/default.py: 0
[2015-11-24 05:26:09] EDIT carPoolNEW/controllers/default.py: 0
[2015-11-24 05:27:12] EDIT carPoolNEW/controllers/default.py: 0
[2015-11-24 05:28:18] EDIT carPoolNEW/controllers/default.py: 0
[2015-11-24 05:39:07] EDIT carPoolNEW/controllers/default.py: -5
[2015-11-24 05:41:00] EDIT carPoolNEW/controllers/default.py: -7
[2015-11-24 05:42:26] CREATE default/search.html: 0
[2015-11-24 05:42:37] EDIT carPoolNEW/views/default/search.html: 1
[2015-11-24 05:45:34] EDIT carPoolNEW/controllers/default.py: 9
[2015-11-24 05:45:45] EDIT carPoolNEW/views/default/search.html: 0
[2015-11-24 05:46:08] EDIT carPoolNEW/views/default/search.html: 0
[2015-11-24 05:47:14] EDIT carPoolNEW/controllers/default.py: 0
[2015-11-24 05:51:41] EDIT carPoolNEW/controllers/default.py: 1
[2015-11-24 05:51:50] EDIT carPoolNEW/controllers/default.py: 0
[2015-11-24 05:53:52] EDIT carPoolNEW/controllers/default.py: 2
[2015-11-24 05:55:01] EDIT carPoolNEW/controllers/default.py: -2
[2015-11-24 05:55:12] EDIT carPoolNEW/controllers/default.py: -1
[2015-11-24 05:57:44] EDIT carPoolNEW/controllers/default.py: 2
[2015-11-24 05:58:01] EDIT carPoolNEW/controllers/default.py: 1
[2015-11-24 05:59:53] EDIT carPoolNEW/controllers/default.py: 0
[2015-11-24 06:04:11] EDIT carPoolNEW/controllers/default.py: 0
[2015-11-24 06:04:20] EDIT carPoolNEW/controllers/default.py: -2
[2015-11-24 06:04:44] EDIT carPoolNEW/controllers/default.py: 0
[2015-11-24 06:06:49] EDIT carPoolNEW/controllers/default.py: -1
[2015-11-24 06:07:53] EDIT carPoolNEW/controllers/default.py: 0
[2015-11-24 06:13:21] EDIT carPoolNEW/controllers/default.py: 15
[2015-11-24 06:13:27] EDIT carPoolNEW/controllers/default.py: 0
[2015-11-24 06:14:39] EDIT carPoolNEW/controllers/default.py: 0
[2015-11-24 06:14:50] EDIT carPoolNEW/controllers/default.py: 0
[2015-11-24 06:18:39] EDIT carPoolNEW/controllers/default.py: 2
[2015-11-24 06:18:51] EDIT carPoolNEW/controllers/default.py: 0
[2015-11-24 06:19:01] EDIT carPoolNEW/views/default/search.html: 13
[2015-11-24 06:19:45] EDIT carPoolNEW/controllers/default.py: 1
[2015-11-24 06:21:28] EDIT carPoolNEW/controllers/default.py: 0
[2015-11-24 06:21:49] EDIT carPoolNEW/controllers/default.py: 0
[2015-11-24 06:22:20] EDIT carPoolNEW/views/default/search.html: -3
[2015-11-24 06:22:40] EDIT carPoolNEW/views/default/search.html: 0
[2015-11-24 06:23:43] EDIT carPoolNEW/views/default/search.html: -4
[2015-11-24 06:24:31] EDIT carPoolNEW/views/default/search.html: 7
[2015-11-24 06:25:56] EDIT carPoolNEW/views/default/search.html: 0
[2015-11-24 06:27:23] EDIT carPoolNEW/views/default/search.html: 11
[2015-11-24 06:28:43] EDIT carPoolNEW/views/default/search.html: 0
[2015-11-24 06:29:19] EDIT carPoolNEW/controllers/default.py: 0
[2015-11-24 06:29:43] EDIT carPoolNEW/views/default/search.html: 0
[2015-11-24 06:30:08] EDIT carPoolNEW/controllers/default.py: 0
[2015-11-24 06:30:30] EDIT carPoolNEW/views/default/search.html: 0
[2015-11-24 06:31:51] EDIT carPoolNEW/views/default/search.html: 0
[2015-11-24 06:32:21] EDIT carPoolNEW/views/default/index.html: -7
[2015-11-24 06:32:46] EDIT carPoolNEW/views/default/index.html: 0
[2015-11-24 06:32:57] EDIT carPoolNEW/views/default/index.html: 1
[2015-11-24 06:35:27] EDIT carPoolNEW/views/default/index.html: 2
[2015-11-24 06:35:53] EDIT carPoolNEW/views/default/index.html: 0
[2015-11-24 06:36:23] EDIT carPoolNEW/views/default/index.html: 0
[2015-11-24 06:36:27] EDIT carPoolNEW/views/default/index.html: 0
[2015-11-24 06:36:51] EDIT carPoolNEW/views/default/index.html: 1
[2015-11-24 06:37:17] EDIT carPoolNEW/views/default/index.html: -1
[2015-11-24 06:38:21] EDIT carPoolNEW/controllers/default.py: 4
[2015-11-24 06:38:32] EDIT carPoolNEW/controllers/default.py: 0
[2015-11-24 06:39:31] EDIT carPoolNEW/views/layout.html: 0
[2015-11-24 06:40:23] EDIT carPoolNEW/views/layout.html: 0
[2015-11-24 06:40:26] EDIT carPoolNEW/views/default/index.html: 0
[2015-11-24 06:40:30] EDIT carPoolNEW/views/default/search.html: 0
[2015-11-24 06:40:32] EDIT carPoolNEW/controllers/default.py: 0
[2015-11-24 06:40:35] EDIT carPoolNEW/models/db.py: 0
[2015-11-24 06:40:38] EDIT carPoolNEW/views/default/userPage.html: 0
[2015-11-24 06:40:41] EDIT carPoolNEW/views/default/manage.html: 0
[2015-11-24 07:04:29] EDIT carPoolNEW/controllers/default.py: 0
[2015-11-24 07:05:17] EDIT carPoolNEW/controllers/default.py: 0
[2015-11-24 07:13:40] EDIT carPoolNEW/models/db.py: 1
[2015-11-24 07:15:30] EDIT carPoolNEW/controllers/default.py: 1
[2015-11-24 07:17:14] EDIT carPoolNEW/controllers/default.py: 0
[2015-11-24 07:27:14] EDIT carPoolNEW/models/db.py: 3
[2015-11-24 07:31:39] EDIT carPoolNEW/models/db.py: 0
[2015-11-24 07:32:25] EDIT carPoolNEW/models/db.py: 0
[2015-11-24 07:33:22] EDIT carPoolNEW/models/db.py: 0
[2015-11-24 07:34:39] EDIT carPoolNEW/models/db.py: 0
[2015-11-24 07:49:51] EDIT carPoolNEW/controllers/default.py: 0
[2015-11-24 07:55:42] EDIT carPoolNEW/controllers/default.py: 0
[2015-11-24 07:57:37] EDIT carPoolNEW/controllers/default.py: 0
[2015-11-24 07:57:55] EDIT carPoolNEW/controllers/default.py: 0
[2015-11-24 08:00:29] EDIT carPoolNEW/models/db.py: -3
[2015-11-24 08:05:42] EDIT carPoolNEW/views/default/userPage.html: 0
[2015-11-24 08:07:08] EDIT carPoolNEW/views/default/userPage.html: 0
[2015-11-24 08:10:00] EDIT carPoolNEW/controllers/default.py: 0
[2015-11-24 08:14:56] EDIT carPoolNEW/models/db.py: 0
[2015-11-24 08:15:48] EDIT carPoolNEW/models/db.py: 0
[2015-11-24 08:16:32] EDIT carPoolNEW/controllers/default.py: 0
[2015-11-24 08:16:52] EDIT carPoolNEW/controllers/default.py: 0
[2015-11-24 08:21:59] EDIT carPoolNEW/controllers/default.py: 6
[2015-11-24 08:22:17] EDIT carPoolNEW/controllers/default.py: 0
[2015-11-24 08:22:19] EDIT carPoolNEW/controllers/default.py: 0
[2015-11-24 08:22:19] EDIT carPoolNEW/controllers/default.py: 0
[2015-11-24 08:22:20] EDIT carPoolNEW/controllers/default.py: 0
[2015-11-24 08:22:27] EDIT carPoolNEW/controllers/default.py: 0
[2015-11-24 08:23:17] EDIT carPoolNEW/controllers/default.py: 0
[2015-11-24 08:25:03] EDIT carPoolNEW/views/default/show.html: 0
[2015-11-24 08:25:50] EDIT carPoolNEW/controllers/default.py: 0
[2015-11-24 08:30:48] EDIT carPoolNEW/controllers/default.py: -2
[2015-11-24 08:32:02] EDIT carPoolNEW/views/default/show.html: 12
[2015-11-24 08:32:04] EDIT carPoolNEW/controllers/default.py: 3
[2015-11-24 08:33:36] EDIT carPoolNEW/controllers/default.py: 0
[2015-11-24 08:36:45] EDIT carPoolNEW/views/default/show.html: 0
[2015-11-24 08:37:26] EDIT carPoolNEW/views/default/show.html: 0
[2015-11-24 08:38:45] EDIT carPoolNEW/controllers/default.py: 2
[2015-11-24 08:40:00] EDIT carPoolNEW/controllers/default.py: -8
[2015-11-24 08:40:39] EDIT carPoolNEW/views/default/show.html: -12
[2015-11-24 08:41:36] EDIT carPoolNEW/views/default/show.html: 0
[2015-11-24 08:43:00] EDIT carPoolNEW/controllers/default.py: 1
[2015-11-24 08:43:11] EDIT carPoolNEW/controllers/default.py: 1
[2015-11-24 08:43:44] EDIT carPoolNEW/controllers/default.py: 0
[2015-11-24 08:44:29] EDIT carPoolNEW/models/db.py: 1
[2015-11-24 08:45:22] EDIT carPoolNEW/views/default/userPage.html: 0
[2015-11-24 08:45:24] EDIT carPoolNEW/models/db.py: 0
[2015-11-24 08:45:27] EDIT carPoolNEW/views/default/show.html: 0
[2015-11-24 08:45:29] EDIT carPoolNEW/controllers/default.py: 0
[2015-11-24 21:35:24] EDIT carPoolNEW/views/default/show.html: 1
[2015-11-24 21:35:47] EDIT carPoolNEW/controllers/default.py: -1
[2015-11-24 21:36:47] EDIT carPoolNEW/controllers/default.py: 4
[2015-11-24 21:36:52] EDIT carPoolNEW/controllers/default.py: 0
[2015-11-24 21:37:05] EDIT carPoolNEW/controllers/default.py: 0
[2015-11-24 21:37:07] EDIT carPoolNEW/views/default/show.html: -1
[2015-11-24 21:51:03] EDIT carPoolNEW/controllers/default.py: 17
[2015-11-24 21:52:07] EDIT carPoolNEW/controllers/default.py: 0
[2015-11-24 21:52:41] EDIT carPoolNEW/controllers/default.py: 5
[2015-11-24 22:01:49] EDIT carPoolNEW/controllers/default.py: 0
[2015-11-24 22:02:08] EDIT carPoolNEW/controllers/default.py: 0
[2015-11-24 22:03:04] EDIT carPoolNEW/controllers/default.py: 0
[2015-11-24 22:04:19] EDIT carPoolNEW/controllers/default.py: 3
[2015-11-24 22:05:08] EDIT carPoolNEW/controllers/default.py: 0
[2015-11-24 22:05:56] EDIT carPoolNEW/controllers/default.py: 1
[2015-11-24 22:07:22] EDIT carPoolNEW/controllers/default.py: 0
[2015-11-24 22:08:09] EDIT carPoolNEW/views/default/show.html: 0
[2015-11-24 22:08:35] EDIT carPoolNEW/views/default/show.html: 0
[2015-11-24 22:09:15] EDIT carPoolNEW/views/default/show.html: 1
[2015-11-24 22:09:30] EDIT carPoolNEW/views/default/show.html: 0
[2015-11-24 22:12:45] EDIT carPoolNEW/controllers/default.py: 0
[2015-11-24 22:14:29] EDIT carPoolNEW/controllers/default.py: 0
[2015-11-24 22:14:44] EDIT carPoolNEW/controllers/default.py: 0
[2015-11-24 22:15:03] EDIT carPoolNEW/controllers/default.py: 0
[2015-11-24 22:16:39] EDIT carPoolNEW/models/db.py: 5
[2015-11-24 22:17:05] EDIT carPoolNEW/controllers/default.py: 1
[2015-11-24 22:17:53] EDIT carPoolNEW/controllers/default.py: 1
[2015-11-24 22:18:30] EDIT carPoolNEW/models/db.py: 1
[2015-11-24 22:19:38] EDIT carPoolNEW/models/db.py: 3
[2015-11-24 22:21:59] EDIT carPoolNEW/controllers/default.py: 0
[2015-11-24 22:24:34] EDIT carPoolNEW/models/db.py: 0
[2015-11-24 22:24:37] EDIT carPoolNEW/controllers/default.py: 1
[2015-11-24 22:26:20] EDIT carPoolNEW/views/default/show.html: 0
[2015-11-24 22:27:29] EDIT carPoolNEW/controllers/default.py: 0
[2015-11-24 22:28:30] EDIT carPoolNEW/controllers/default.py: 3
[2015-11-24 22:28:39] EDIT carPoolNEW/controllers/default.py: 0
[2015-11-24 22:29:12] EDIT carPoolNEW/models/db.py: 1
[2015-11-24 22:29:37] EDIT carPoolNEW/models/db.py: 0
[2015-11-24 22:30:52] EDIT carPoolNEW/controllers/default.py: 0
[2015-11-24 22:31:31] EDIT carPoolNEW/controllers/default.py: -4
[2015-11-24 22:31:45] EDIT carPoolNEW/controllers/default.py: 0
[2015-11-24 22:32:15] EDIT carPoolNEW/views/default/show.html: 0
[2015-11-24 22:32:36] EDIT carPoolNEW/views/default/show.html: 0
[2015-11-24 22:32:48] EDIT carPoolNEW/views/default/show.html: 0
[2015-11-24 22:40:27] EDIT carPoolNEW/views/default/show.html: 2
[2015-11-24 22:40:57] EDIT carPoolNEW/views/default/show.html: 0
[2015-11-24 22:42:50] EDIT carPoolNEW/models/db.py: 0
[2015-11-24 22:43:13] EDIT carPoolNEW/models/db.py: 0
[2015-11-24 22:44:17] EDIT carPoolNEW/views/default/show.html: 0
[2015-11-24 22:44:38] EDIT carPoolNEW/models/db.py: 0
[2015-11-24 22:49:56] EDIT carPoolNEW/controllers/default.py: -9
[2015-11-24 22:53:52] EDIT carPoolNEW/controllers/default.py: 15
[2015-11-24 22:57:14] EDIT carPoolNEW/controllers/default.py: -2
[2015-11-24 22:58:11] EDIT carPoolNEW/views/default/edit.html: 9
[2015-11-24 22:58:18] EDIT carPoolNEW/controllers/default.py: 0
[2015-11-24 23:00:36] EDIT carPoolNEW/views/default/edit.html: -1
[2015-11-24 23:02:02] EDIT carPoolNEW/views/default/edit.html: 0
[2015-11-24 23:03:23] EDIT carPoolNEW/views/default/userPage.html: 3
[2015-11-24 23:04:32] EDIT carPoolNEW/views/default/userPage.html: -1
[2015-11-24 23:05:23] EDIT carPoolNEW/views/default/edit.html: 0
[2015-11-24 23:08:07] EDIT carPoolNEW/controllers/default.py: 0
[2015-11-24 23:09:37] EDIT carPoolNEW/controllers/default.py: -1
[2015-11-24 23:09:51] EDIT carPoolNEW/views/default/userPage.html: -2
[2015-11-24 23:15:12] EDIT carPoolNEW/controllers/default.py: 0
[2015-11-24 23:16:00] EDIT carPoolNEW/models/db.py: 0
[2015-11-24 23:24:47] EDIT carPoolNEW/controllers/default.py: 0
